{"name":"Runs Cucumber Feature","status":"broken","statusDetails":{"known":false,"muted":false,"flaky":false,"message":"org.openqa.selenium.ElementNotInteractableException: element not interactable\n  (Session info: chrome=80.0.3987.132)\nBuild info: version: '3.14.0', revision: 'aacccce0', time: '2018-08-02T20:19:58.91Z'\nSystem info: host: 'Nirmita-Mac.local', ip: 'fe80:0:0:0:4a7:28d3:7130:89d3%en0', os.name: 'Mac OS X', os.arch: 'x86_64', os.version: '10.14.6', java.version: '1.8.0_241'\nDriver info: org.openqa.selenium.chrome.ChromeDriver\nCapabilities {acceptInsecureCerts: false, browserName: chrome, browserVersion: 80.0.3987.132, chrome: {chromedriverVersion: 79.0.3945.36 (3582db32b3389..., userDataDir: /var/folders/vj/4874l_553x5...}, goog:chromeOptions: {debuggerAddress: localhost:51788}, javascriptEnabled: true, networkConnectionEnabled: false, pageLoadStrategy: normal, platform: MAC, platformName: MAC, proxy: Proxy(), setWindowRect: true, strictFileInteractability: false, timeouts: {implicit: 0, pageLoad: 300000, script: 30000}, unhandledPromptBehavior: dismiss and notify}\nSession ID: 32a051487b7d9b12924aafd3ef3eda2e","trace":"cucumber.runtime.CucumberException: org.openqa.selenium.ElementNotInteractableException: element not interactable\n  (Session info: chrome=80.0.3987.132)\nBuild info: version: '3.14.0', revision: 'aacccce0', time: '2018-08-02T20:19:58.91Z'\nSystem info: host: 'Nirmita-Mac.local', ip: 'fe80:0:0:0:4a7:28d3:7130:89d3%en0', os.name: 'Mac OS X', os.arch: 'x86_64', os.version: '10.14.6', java.version: '1.8.0_241'\nDriver info: org.openqa.selenium.chrome.ChromeDriver\nCapabilities {acceptInsecureCerts: false, browserName: chrome, browserVersion: 80.0.3987.132, chrome: {chromedriverVersion: 79.0.3945.36 (3582db32b3389..., userDataDir: /var/folders/vj/4874l_553x5...}, goog:chromeOptions: {debuggerAddress: localhost:51788}, javascriptEnabled: true, networkConnectionEnabled: false, pageLoadStrategy: normal, platform: MAC, platformName: MAC, proxy: Proxy(), setWindowRect: true, strictFileInteractability: false, timeouts: {implicit: 0, pageLoad: 300000, script: 30000}, unhandledPromptBehavior: dismiss and notify}\nSession ID: 32a051487b7d9b12924aafd3ef3eda2e\n\tat cucumber.api.testng.TestNGCucumberRunner.runCucumber(TestNGCucumberRunner.java:69)\n\tat cucumber.api.testng.AbstractTestNGCucumberTests.feature(AbstractTestNGCucumberTests.java:21)\n\tat sun.reflect.NativeMethodAccessorImpl.invoke0(Native Method)\n\tat sun.reflect.NativeMethodAccessorImpl.invoke(NativeMethodAccessorImpl.java:62)\n\tat sun.reflect.DelegatingMethodAccessorImpl.invoke(DelegatingMethodAccessorImpl.java:43)\n\tat java.lang.reflect.Method.invoke(Method.java:498)\n\tat org.testng.internal.MethodInvocationHelper.invokeMethod(MethodInvocationHelper.java:85)\n\tat org.testng.internal.Invoker.invokeMethod(Invoker.java:639)\n\tat org.testng.internal.Invoker.invokeTestMethod(Invoker.java:821)\n\tat org.testng.internal.Invoker.invokeTestMethods(Invoker.java:1131)\n\tat org.testng.internal.TestMethodWorker.invokeTestMethods(TestMethodWorker.java:125)\n\tat org.testng.internal.TestMethodWorker.run(TestMethodWorker.java:108)\n\tat org.testng.TestRunner.privateRun(TestRunner.java:773)\n\tat org.testng.TestRunner.run(TestRunner.java:623)\n\tat org.testng.SuiteRunner.runTest(SuiteRunner.java:357)\n\tat org.testng.SuiteRunner.runSequentially(SuiteRunner.java:352)\n\tat org.testng.SuiteRunner.privateRun(SuiteRunner.java:310)\n\tat org.testng.SuiteRunner.run(SuiteRunner.java:259)\n\tat org.testng.SuiteRunnerWorker.runSuite(SuiteRunnerWorker.java:52)\n\tat org.testng.SuiteRunnerWorker.run(SuiteRunnerWorker.java:86)\n\tat org.testng.TestNG.runSuitesSequentially(TestNG.java:1185)\n\tat org.testng.TestNG.runSuitesLocally(TestNG.java:1110)\n\tat org.testng.TestNG.run(TestNG.java:1018)\n\tat org.apache.maven.surefire.testng.TestNGExecutor.run(TestNGExecutor.java:281)\n\tat org.apache.maven.surefire.testng.TestNGXmlTestSuite.execute(TestNGXmlTestSuite.java:75)\n\tat org.apache.maven.surefire.testng.TestNGProvider.invoke(TestNGProvider.java:121)\n\tat org.apache.maven.surefire.booter.ForkedBooter.invokeProviderInSameClassLoader(ForkedBooter.java:290)\n\tat org.apache.maven.surefire.booter.ForkedBooter.runSuitesInProcess(ForkedBooter.java:242)\n\tat org.apache.maven.surefire.booter.ForkedBooter.main(ForkedBooter.java:121)\nCaused by: org.openqa.selenium.ElementNotInteractableException: element not interactable\n  (Session info: chrome=80.0.3987.132)\nBuild info: version: '3.14.0', revision: 'aacccce0', time: '2018-08-02T20:19:58.91Z'\nSystem info: host: 'Nirmita-Mac.local', ip: 'fe80:0:0:0:4a7:28d3:7130:89d3%en0', os.name: 'Mac OS X', os.arch: 'x86_64', os.version: '10.14.6', java.version: '1.8.0_241'\nDriver info: org.openqa.selenium.chrome.ChromeDriver\nCapabilities {acceptInsecureCerts: false, browserName: chrome, browserVersion: 80.0.3987.132, chrome: {chromedriverVersion: 79.0.3945.36 (3582db32b3389..., userDataDir: /var/folders/vj/4874l_553x5...}, goog:chromeOptions: {debuggerAddress: localhost:51788}, javascriptEnabled: true, networkConnectionEnabled: false, pageLoadStrategy: normal, platform: MAC, platformName: MAC, proxy: Proxy(), setWindowRect: true, strictFileInteractability: false, timeouts: {implicit: 0, pageLoad: 300000, script: 30000}, unhandledPromptBehavior: dismiss and notify}\nSession ID: 32a051487b7d9b12924aafd3ef3eda2e\n\tat sun.reflect.NativeConstructorAccessorImpl.newInstance0(Native Method)\n\tat sun.reflect.NativeConstructorAccessorImpl.newInstance(NativeConstructorAccessorImpl.java:62)\n\tat sun.reflect.DelegatingConstructorAccessorImpl.newInstance(DelegatingConstructorAccessorImpl.java:45)\n\tat java.lang.reflect.Constructor.newInstance(Constructor.java:423)\n\tat org.openqa.selenium.remote.http.W3CHttpResponseCodec.createException(W3CHttpResponseCodec.java:187)\n\tat org.openqa.selenium.remote.http.W3CHttpResponseCodec.decode(W3CHttpResponseCodec.java:122)\n\tat org.openqa.selenium.remote.http.W3CHttpResponseCodec.decode(W3CHttpResponseCodec.java:49)\n\tat org.openqa.selenium.remote.HttpCommandExecutor.execute(HttpCommandExecutor.java:158)\n\tat org.openqa.selenium.remote.service.DriverCommandExecutor.execute(DriverCommandExecutor.java:83)\n\tat org.openqa.selenium.remote.RemoteWebDriver.execute(RemoteWebDriver.java:548)\n\tat org.openqa.selenium.remote.RemoteWebElement.execute(RemoteWebElement.java:276)\n\tat org.openqa.selenium.remote.RemoteWebElement.click(RemoteWebElement.java:83)\n\tat sun.reflect.NativeMethodAccessorImpl.invoke0(Native Method)\n\tat sun.reflect.NativeMethodAccessorImpl.invoke(NativeMethodAccessorImpl.java:62)\n\tat sun.reflect.DelegatingMethodAccessorImpl.invoke(DelegatingMethodAccessorImpl.java:43)\n\tat java.lang.reflect.Method.invoke(Method.java:498)\n\tat org.openqa.selenium.support.pagefactory.internal.LocatingElementHandler.invoke(LocatingElementHandler.java:51)\n\tat com.sun.proxy.$Proxy21.click(Unknown Source)\n\tat pages.Login.PacLogout(Login.java:66)\n\tat Steps.LoginStep.iLogOutOfPACPortal(LoginStep.java:40)\n\tat âœ½.And I log out of PAC portal(login.feature:9)\n"},"stage":"finished","steps":[],"attachments":[],"parameters":[{"name":"arg0","value":"SVLogin"}],"start":1584515865089,"stop":1584515917048,"uuid":"46413852-77ab-4010-947c-c03b4d77d92b","historyId":"c0172ca87e49fd250c0fc52c4be82c84","fullName":"cucumber.api.testng.AbstractTestNGCucumberTests.feature","labels":[{"name":"package","value":"Runner.TestRunner"},{"name":"testClass","value":"Runner.TestRunner"},{"name":"testMethod","value":"feature"},{"name":"parentSuite","value":"Silver View Test Automation"},{"name":"suite","value":"Login to Admin Portal"},{"name":"subSuite","value":"Runner.TestRunner"},{"name":"host","value":"Nirmita-Mac.local"},{"name":"thread","value":"12922@Nirmita-Mac.local.main(1)"},{"name":"framework","value":"testng"},{"name":"language","value":"java"}],"links":[]}